<?xml version="1.0" encoding="utf-8"?><testsuites name="pytest tests"><testsuite name="pytest" errors="0" failures="0" skipped="0" tests="162" time="14.221" timestamp="2025-09-29T23:12:39.258254-07:00" hostname="edf-Macbook2021.local"><testcase classname="adversarial_tests.test_adversarial" name="test_case[row0]" time="0.265" /><testcase classname="adversarial_tests.test_adversarial" name="test_case[row1]" time="0.087" /><testcase classname="adversarial_tests.test_adversarial" name="test_case[row2]" time="0.087" /><testcase classname="adversarial_tests.test_adversarial" name="test_case[row3]" time="0.085" /><testcase classname="adversarial_tests.test_adversarial" name="test_case[row4]" time="0.087" /><testcase classname="adversarial_tests.test_adversarial" name="test_case[row5]" time="0.085" /><testcase classname="adversarial_tests.test_adversarial" name="test_case[row6]" time="0.086" /><testcase classname="adversarial_tests.test_adversarial" name="test_case[row7]" time="0.088" /><testcase classname="adversarial_tests.test_adversarial" name="test_case[row8]" time="0.095" /><testcase classname="adversarial_tests.test_adversarial" name="test_case[row9]" time="0.091" /><testcase classname="adversarial_tests.test_adversarial" name="test_case[row10]" time="0.087" /><testcase classname="adversarial_tests.test_adversarial" name="test_case[row11]" time="0.087" /><testcase classname="adversarial_tests.test_adversarial" name="test_case[row12]" time="0.085" /><testcase classname="adversarial_tests.test_adversarial" name="test_case[row13]" time="0.085" /><testcase classname="adversarial_tests.test_adversarial" name="test_case[row14]" time="0.085" /><testcase classname="adversarial_tests.test_adversarial" name="test_case[row15]" time="0.085" /><testcase classname="adversarial_tests.test_adversarial" name="test_case[row16]" time="0.086" /><testcase classname="adversarial_tests.test_adversarial" name="test_case[row17]" time="0.085" /><testcase classname="adversarial_tests.test_adversarial" name="test_case[row18]" time="0.086" /><testcase classname="adversarial_tests.test_adversarial" name="test_case[row19]" time="0.085" /><testcase classname="adversarial_tests.test_adversarial" name="test_case[row20]" time="0.085" /><testcase classname="adversarial_tests.test_adversarial" name="test_case[row21]" time="0.084" /><testcase classname="adversarial_tests.test_adversarial" name="test_case[row22]" time="0.086" /><testcase classname="adversarial_tests.test_adversarial" name="test_case[row23]" time="0.085" /><testcase classname="adversarial_tests.test_adversarial" name="test_case[row24]" time="0.085" /><testcase classname="adversarial_tests.test_adversarial" name="test_case[row25]" time="0.085" /><testcase classname="adversarial_tests.test_adversarial" name="test_case[row26]" time="0.085" /><testcase classname="adversarial_tests.test_adversarial" name="test_case[row27]" time="0.085" /><testcase classname="adversarial_tests.test_adversarial" name="test_case[row28]" time="0.085" /><testcase classname="adversarial_tests.test_adversarial" name="test_case[row29]" time="0.086" /><testcase classname="adversarial_tests.test_adversarial" name="test_case[row30]" time="0.087" /><testcase classname="adversarial_tests.test_adversarial" name="test_case[row31]" time="0.084" /><testcase classname="adversarial_tests.test_adversarial" name="test_case[row32]" time="0.085" /><testcase classname="adversarial_tests.test_adversarial" name="test_case[row33]" time="0.085" /><testcase classname="adversarial_tests.test_adversarial" name="test_case[row34]" time="0.087" /><testcase classname="adversarial_tests.test_adversarial" name="test_case[row35]" time="0.086" /><testcase classname="adversarial_tests.test_adversarial" name="test_case[row36]" time="0.084" /><testcase classname="adversarial_tests.test_adversarial" name="test_case[row37]" time="0.085" /><testcase classname="adversarial_tests.test_adversarial" name="test_case[row38]" time="0.085" /><testcase classname="adversarial_tests.test_adversarial" name="test_case[row39]" time="0.085" /><testcase classname="adversarial_tests.test_adversarial" name="test_case[row40]" time="0.087" /><testcase classname="adversarial_tests.test_adversarial" name="test_case[row41]" time="0.086" /><testcase classname="adversarial_tests.test_adversarial" name="test_case[row42]" time="0.087" /><testcase classname="adversarial_tests.test_adversarial" name="test_case[row43]" time="0.085" /><testcase classname="adversarial_tests.test_adversarial" name="test_case[row44]" time="0.084" /><testcase classname="adversarial_tests.test_adversarial" name="test_case[row45]" time="0.085" /><testcase classname="adversarial_tests.test_adversarial" name="test_case[row46]" time="0.084" /><testcase classname="adversarial_tests.test_adversarial" name="test_case[row47]" time="0.084" /><testcase classname="adversarial_tests.test_adversarial" name="test_case[row48]" time="0.083" /><testcase classname="adversarial_tests.test_adversarial" name="test_case[row49]" time="0.085" /><testcase classname="adversarial_tests.test_adversarial" name="test_case[row50]" time="0.084" /><testcase classname="adversarial_tests.test_adversarial" name="test_case[row51]" time="0.085" /><testcase classname="adversarial_tests.test_adversarial" name="test_case[row52]" time="0.084" /><testcase classname="adversarial_tests.test_adversarial" name="test_case[row53]" time="0.085" /><testcase classname="adversarial_tests.test_adversarial" name="test_case[row54]" time="0.087" /><testcase classname="adversarial_tests.test_adversarial" name="test_case[row55]" time="0.084" /><testcase classname="adversarial_tests.test_adversarial" name="test_case[row56]" time="0.084" /><testcase classname="adversarial_tests.test_adversarial" name="test_case[row57]" time="0.086" /><testcase classname="adversarial_tests.test_adversarial" name="test_case[row58]" time="0.084" /><testcase classname="adversarial_tests.test_adversarial" name="test_case[row59]" time="0.085" /><testcase classname="adversarial_tests.test_adversarial" name="test_case[row60]" time="0.084" /><testcase classname="adversarial_tests.test_adversarial" name="test_case[row61]" time="0.085" /><testcase classname="adversarial_tests.test_adversarial" name="test_case[row62]" time="0.090" /><testcase classname="adversarial_tests.test_adversarial" name="test_case[row63]" time="0.085" /><testcase classname="adversarial_tests.test_adversarial" name="test_case[row64]" time="0.085" /><testcase classname="adversarial_tests.test_adversarial" name="test_case[row65]" time="0.085" /><testcase classname="adversarial_tests.test_adversarial" name="test_case[row66]" time="0.087" /><testcase classname="adversarial_tests.test_adversarial" name="test_case[row67]" time="0.086" /><testcase classname="adversarial_tests.test_adversarial" name="test_case[row68]" time="0.088" /><testcase classname="adversarial_tests.test_adversarial" name="test_case[row69]" time="0.085" /><testcase classname="adversarial_tests.test_adversarial" name="test_case[row70]" time="0.084" /><testcase classname="adversarial_tests.test_adversarial" name="test_case[row71]" time="0.085" /><testcase classname="adversarial_tests.test_adversarial" name="test_case[row72]" time="0.085" /><testcase classname="adversarial_tests.test_adversarial" name="test_case[row73]" time="0.085" /><testcase classname="adversarial_tests.test_adversarial" name="test_case[row74]" time="0.085" /><testcase classname="adversarial_tests.test_adversarial" name="test_case[row75]" time="0.085" /><testcase classname="adversarial_tests.test_adversarial" name="test_case[row76]" time="0.086" /><testcase classname="adversarial_tests.test_adversarial" name="test_case[row77]" time="0.088" /><testcase classname="adversarial_tests.test_adversarial" name="test_case[row78]" time="0.086" /><testcase classname="adversarial_tests.test_adversarial" name="test_case[row79]" time="0.087" /><testcase classname="adversarial_tests.test_adversarial" name="test_case[row80]" time="0.086" /><testcase classname="adversarial_tests.test_adversarial" name="test_case[row81]" time="0.086" /><testcase classname="adversarial_tests.test_adversarial" name="test_case[row82]" time="0.086" /><testcase classname="adversarial_tests.test_adversarial" name="test_case[row83]" time="0.084" /><testcase classname="adversarial_tests.test_adversarial" name="test_case[row84]" time="0.087" /><testcase classname="adversarial_tests.test_adversarial" name="test_case[row85]" time="0.087" /><testcase classname="adversarial_tests.test_adversarial" name="test_case[row86]" time="0.088" /><testcase classname="adversarial_tests.test_adversarial" name="test_case[row87]" time="0.085" /><testcase classname="adversarial_tests.test_adversarial" name="test_case[row88]" time="0.087" /><testcase classname="adversarial_tests.test_adversarial" name="test_case[row89]" time="0.090" /><testcase classname="adversarial_tests.test_adversarial" name="test_case[row90]" time="0.086" /><testcase classname="adversarial_tests.test_adversarial" name="test_case[row91]" time="0.091" /><testcase classname="adversarial_tests.test_adversarial" name="test_case[row92]" time="0.086" /><testcase classname="adversarial_tests.test_adversarial" name="test_case[row93]" time="0.085" /><testcase classname="adversarial_tests.test_adversarial" name="test_case[row94]" time="0.085" /><testcase classname="adversarial_tests.test_adversarial" name="test_case[row95]" time="0.086" /><testcase classname="adversarial_tests.test_adversarial" name="test_case[row96]" time="0.087" /><testcase classname="adversarial_tests.test_adversarial" name="test_case[row97]" time="0.087" /><testcase classname="adversarial_tests.test_adversarial" name="test_case[row98]" time="0.086" /><testcase classname="adversarial_tests.test_adversarial" name="test_case[row99]" time="0.087" /><testcase classname="adversarial_tests.test_adversarial" name="test_case[row100]" time="0.087" /><testcase classname="adversarial_tests.test_adversarial" name="test_case[row101]" time="0.089" /><testcase classname="adversarial_tests.test_adversarial" name="test_case[row102]" time="0.088" /><testcase classname="adversarial_tests.test_adversarial" name="test_case[row103]" time="0.087" /><testcase classname="adversarial_tests.test_adversarial" name="test_case[row104]" time="0.089" /><testcase classname="adversarial_tests.test_adversarial" name="test_case[row105]" time="0.088" /><testcase classname="adversarial_tests.test_adversarial" name="test_case[row106]" time="0.089" /><testcase classname="adversarial_tests.test_adversarial" name="test_case[row107]" time="0.086" /><testcase classname="adversarial_tests.test_adversarial" name="test_case[row108]" time="0.088" /><testcase classname="adversarial_tests.test_adversarial" name="test_case[row109]" time="0.087" /><testcase classname="adversarial_tests.test_adversarial" name="test_case[row110]" time="0.088" /><testcase classname="adversarial_tests.test_adversarial" name="test_case[row111]" time="0.086" /><testcase classname="adversarial_tests.test_adversarial" name="test_case[row112]" time="0.088" /><testcase classname="adversarial_tests.test_adversarial" name="test_case[row113]" time="0.088" /><testcase classname="adversarial_tests.test_adversarial" name="test_case[row114]" time="0.089" /><testcase classname="adversarial_tests.test_adversarial" name="test_case[row115]" time="0.086" /><testcase classname="adversarial_tests.test_adversarial" name="test_case[row116]" time="0.084" /><testcase classname="adversarial_tests.test_adversarial" name="test_case[row117]" time="0.086" /><testcase classname="adversarial_tests.test_adversarial" name="test_case[row118]" time="0.086" /><testcase classname="adversarial_tests.test_adversarial" name="test_case[row119]" time="0.085" /><testcase classname="adversarial_tests.test_adversarial" name="test_case[row120]" time="0.085" /><testcase classname="adversarial_tests.test_adversarial" name="test_case[row121]" time="0.086" /><testcase classname="adversarial_tests.test_adversarial" name="test_case[row122]" time="0.089" /><testcase classname="adversarial_tests.test_adversarial" name="test_case[row123]" time="0.088" /><testcase classname="adversarial_tests.test_adversarial" name="test_case[row124]" time="0.085" /><testcase classname="adversarial_tests.test_adversarial" name="test_case[row125]" time="0.086" /><testcase classname="adversarial_tests.test_adversarial" name="test_case[row126]" time="0.086" /><testcase classname="adversarial_tests.test_adversarial" name="test_case[row127]" time="0.085" /><testcase classname="adversarial_tests.test_adversarial" name="test_case[row128]" time="0.085" /><testcase classname="adversarial_tests.test_adversarial" name="test_case[row129]" time="0.087" /><testcase classname="adversarial_tests.test_adversarial" name="test_case[row130]" time="0.085" /><testcase classname="adversarial_tests.test_adversarial" name="test_case[row131]" time="0.085" /><testcase classname="adversarial_tests.test_adversarial" name="test_case[row132]" time="0.088" /><testcase classname="adversarial_tests.test_adversarial" name="test_case[row133]" time="0.085" /><testcase classname="adversarial_tests.test_adversarial" name="test_case[row134]" time="0.084" /><testcase classname="adversarial_tests.test_adversarial" name="test_case[row135]" time="0.089" /><testcase classname="adversarial_tests.test_adversarial" name="test_case[row136]" time="0.085" /><testcase classname="adversarial_tests.test_adversarial" name="test_case[row137]" time="0.086" /><testcase classname="adversarial_tests.test_adversarial" name="test_case[row138]" time="0.086" /><testcase classname="adversarial_tests.test_adversarial" name="test_case[row139]" time="0.088" /><testcase classname="adversarial_tests.test_adversarial" name="test_case[row140]" time="0.086" /><testcase classname="adversarial_tests.test_adversarial" name="test_case[row141]" time="0.086" /><testcase classname="adversarial_tests.test_adversarial" name="test_case[row142]" time="0.085" /><testcase classname="adversarial_tests.test_adversarial" name="test_case[row143]" time="0.089" /><testcase classname="adversarial_tests.test_adversarial" name="test_case[row144]" time="0.085" /><testcase classname="adversarial_tests.test_adversarial" name="test_case[row145]" time="0.086" /><testcase classname="adversarial_tests.test_adversarial" name="test_case[row146]" time="0.084" /><testcase classname="adversarial_tests.test_adversarial" name="test_case[row147]" time="0.089" /><testcase classname="adversarial_tests.test_adversarial" name="test_case[row148]" time="0.088" /><testcase classname="adversarial_tests.test_adversarial" name="test_case[row149]" time="0.087" /><testcase classname="adversarial_tests.test_adversarial" name="test_case[row150]" time="0.087" /><testcase classname="adversarial_tests.test_adversarial" name="test_case[row151]" time="0.086" /><testcase classname="adversarial_tests.test_adversarial" name="test_case[row152]" time="0.086" /><testcase classname="adversarial_tests.test_adversarial" name="test_case[row153]" time="0.086" /><testcase classname="adversarial_tests.test_adversarial" name="test_case[row154]" time="0.084" /><testcase classname="adversarial_tests.test_adversarial" name="test_case[row155]" time="0.085" /><testcase classname="adversarial_tests.test_adversarial" name="test_case[row156]" time="0.086" /><testcase classname="adversarial_tests.test_adversarial" name="test_case[row157]" time="0.086" /><testcase classname="adversarial_tests.test_adversarial" name="test_case[row158]" time="0.087" /><testcase classname="adversarial_tests.test_adversarial" name="test_case[row159]" time="0.085" /><testcase classname="adversarial_tests.test_adversarial" name="test_case[row160]" time="0.085" /><testcase classname="adversarial_tests.test_adversarial" name="test_case[row161]" time="0.089" /></testsuite></testsuites>